0 verbose cli C:\Program Files\nodejs\node.exe C:\Users\HP\AppData\Roaming\npm\node_modules\npm\bin\npm-cli.js
1 info using npm@10.4.0
2 info using node@v21.6.1
3 timing npm:load:whichnode Completed in 325ms
4 timing config:load:defaults Completed in 5ms
5 timing config:load:file:C:\Users\HP\AppData\Roaming\npm\node_modules\npm\npmrc Completed in 50ms
6 timing config:load:builtin Completed in 50ms
7 timing config:load:cli Completed in 13ms
8 timing config:load:env Completed in 3ms
9 timing config:load:file:C:\Users\HP\Downloads\velion-web\.npmrc Completed in 2ms
10 timing config:load:project Completed in 16ms
11 timing config:load:file:C:\Users\HP\.npmrc Completed in 62ms
12 timing config:load:user Completed in 62ms
13 timing config:load:file:C:\Users\HP\AppData\Roaming\npm\etc\npmrc Completed in 23ms
14 timing config:load:global Completed in 23ms
15 timing config:load:setEnvs Completed in 4ms
16 timing config:load Completed in 195ms
17 timing npm:load:configload Completed in 195ms
18 timing config:load:flatten Completed in 8ms
19 timing npm:load:mkdirpcache Completed in 1ms
20 timing npm:load:mkdirplogs Completed in 10ms
21 verbose title npm config get registry
22 verbose argv "config" "get" "registry"
23 timing npm:load:setTitle Completed in 5ms
24 timing npm:load:display Completed in 1ms
25 verbose logfile logs-max:10 dir:C:\Users\HP\Downloads\velion-web\clean\_logs\2024-06-10T02_24_45_272Z-
26 verbose logfile C:\Users\HP\Downloads\velion-web\clean\_logs\2024-06-10T02_24_45_272Z-debug-0.log
27 timing npm:load:logFile Completed in 106ms
28 timing npm:load:timers Completed in 0ms
29 timing npm:load:configScope Completed in 1ms
30 timing npm:load Completed in 908ms
31 timing command:config Completed in 13ms
32 verbose exit 0
33 timing npm Completed in 1388ms
34 info ok
